<?xml version="1.0" encoding="UTF-8"?>
<testsuite name="org.example.AppTest" tests="1" skipped="0" failures="0" errors="0" timestamp="2024-12-11T04:59:24" hostname="joserevete" time="0.115">
  <properties/>
  <testcase name="appHasAGreeting()" classname="org.example.AppTest" time="0.115"/>
  <system-out><![CDATA[]]></system-out>
  <system-err><![CDATA[]]></system-err>
</testsuite>
